<?xml version="1.0" encoding="UTF-8"?>
<testng-results total="7" passed="7" failed="0" skipped="0">
  <reporter-output>
  </reporter-output>
  <suite started-at="2024-07-30T07:03:51Z" name="Test Suite for Buildout" finished-at="2024-07-30T07:04:50Z" duration-ms="59055">
    <groups>
    </groups>
    <test started-at="2024-07-30T07:03:51Z" name="Test Cases for Buildout" finished-at="2024-07-30T07:04:50Z" duration-ms="59055">
      <class name="demo.TestCases">
        <test-method is-config="true" signature="startBrowser()[pri:0, instance:demo.TestCases@4b79ac84]" started-at="2024-07-30T12:33:51Z" name="startBrowser" finished-at="2024-07-30T12:33:53Z" duration-ms="2222" status="PASS">
          <reporter-output>
          </reporter-output>
        </test-method> <!-- startBrowser -->
        <test-method signature="testCase01()[pri:1, instance:demo.TestCases@4b79ac84]" started-at="2024-07-30T12:33:53Z" name="testCase01" description="URL assertion and about page message printing" finished-at="2024-07-30T12:33:58Z" duration-ms="4594" status="PASS">
          <reporter-output>
          </reporter-output>
        </test-method> <!-- testCase01 -->
        <test-method signature="testCase02()[pri:2, instance:demo.TestCases@4b79ac84]" started-at="2024-07-30T12:33:58Z" name="testCase02" description="Assertion for the movie is marked “A” for Mature or not and whether the movie is either “Comedy” or “Animation" finished-at="2024-07-30T12:34:03Z" duration-ms="4930" status="PASS">
          <reporter-output>
          </reporter-output>
        </test-method> <!-- testCase02 -->
        <test-method signature="testCase03()[pri:3, instance:demo.TestCases@4b79ac84]" started-at="2024-07-30T12:34:03Z" name="testCase03" description="URL assertion and about page message printing" finished-at="2024-07-30T12:34:10Z" duration-ms="7388" status="PASS">
          <reporter-output>
          </reporter-output>
        </test-method> <!-- testCase03 -->
        <test-method signature="testCase04()[pri:4, instance:demo.TestCases@4b79ac84]" started-at="2024-07-30T12:34:10Z" name="testCase04" description="URL assertion and about page message printing" finished-at="2024-07-30T12:34:19Z" duration-ms="8831" status="PASS">
          <reporter-output>
          </reporter-output>
        </test-method> <!-- testCase04 -->
        <test-method signature="testCase05(java.lang.String)[pri:5, instance:demo.TestCases@4b79ac84]" started-at="2024-07-30T12:34:19Z" name="testCase05" data-provider="excelData" finished-at="2024-07-30T12:34:31Z" duration-ms="11907" status="PASS">
          <params>
            <param index="0">
              <value>
                <![CDATA[Movies]]>
              </value>
            </param>
          </params>
          <reporter-output>
          </reporter-output>
        </test-method> <!-- testCase05 -->
        <test-method signature="testCase05(java.lang.String)[pri:5, instance:demo.TestCases@4b79ac84]" started-at="2024-07-30T12:34:31Z" name="testCase05" data-provider="excelData" finished-at="2024-07-30T12:34:40Z" duration-ms="9264" status="PASS">
          <params>
            <param index="0">
              <value>
                <![CDATA[Music]]>
              </value>
            </param>
          </params>
          <reporter-output>
          </reporter-output>
        </test-method> <!-- testCase05 -->
        <test-method signature="testCase05(java.lang.String)[pri:5, instance:demo.TestCases@4b79ac84]" started-at="2024-07-30T12:34:40Z" name="testCase05" data-provider="excelData" finished-at="2024-07-30T12:34:50Z" duration-ms="9523" status="PASS">
          <params>
            <param index="0">
              <value>
                <![CDATA[Games]]>
              </value>
            </param>
          </params>
          <reporter-output>
          </reporter-output>
        </test-method> <!-- testCase05 -->
      </class> <!-- demo.TestCases -->
    </test> <!-- Test Cases for Buildout -->
  </suite> <!-- Test Suite for Buildout -->
</testng-results>
